INFO: You are running LIKWID in a cpuset with 1 CPUs. Taking given IDs as logical ID in cpuset
--------------------------------------------------------------------------------
CPU name:	AMD EPYC 7702 64-Core Processor                
CPU type:	AMD K17 (Zen2) architecture
CPU clock:	2.00 GHz
--------------------------------------------------------------------------------
4096 4096 6051.20 268.44 134.22
--------------------------------------------------------------------------------
Region transpose, Group 1: MEM
+-------------------+------------+
|    Region Info    | HWThread 0 |
+-------------------+------------+
| RDTSC Runtime [s] |   0.066247 |
|     call count    |          1 |
+-------------------+------------+

+----------------------+---------+------------+
|         Event        | Counter | HWThread 0 |
+----------------------+---------+------------+
|   ACTUAL_CPU_CLOCK   |  FIXC1  |  221726900 |
|     MAX_CPU_CLOCK    |  FIXC2  |  132482700 |
| RETIRED_INSTRUCTIONS |   PMC0  |  137166700 |
|  CPU_CLOCKS_UNHALTED |   PMC1  |  220526500 |
|    DRAM_CHANNEL_0    |   DFC0  |    5287236 |
|    DRAM_CHANNEL_1    |   DFC1  |    5285836 |
+----------------------+---------+------------+

+-----------------------------+------------+
|            Metric           | HWThread 0 |
+-----------------------------+------------+
|     Runtime (RDTSC) [s]     |     0.0662 |
|     Runtime unhalted [s]    |     0.1111 |
|         Clock [MHz]         |  3340.9464 |
|             CPI             |     1.6077 |
| Memory bandwidth [MBytes/s] | 10214.5138 |
| Memory data volume [GBytes] |     0.6767 |
+-----------------------------+------------+

