INFO: You are running LIKWID in a cpuset with 1 CPUs. Taking given IDs as logical ID in cpuset
--------------------------------------------------------------------------------
CPU name:	AMD EPYC 7702 64-Core Processor                
CPU type:	AMD K17 (Zen2) architecture
CPU clock:	2.00 GHz
--------------------------------------------------------------------------------
5000 5000 9657.38 400.00 200.00
--------------------------------------------------------------------------------
Region transpose, Group 1: MEM
+-------------------+------------+
|    Region Info    | HWThread 0 |
+-------------------+------------+
| RDTSC Runtime [s] |   0.061842 |
|     call count    |          1 |
+-------------------+------------+

+----------------------+---------+------------+
|         Event        | Counter | HWThread 0 |
+----------------------+---------+------------+
|   ACTUAL_CPU_CLOCK   |  FIXC1  |  206990500 |
|     MAX_CPU_CLOCK    |  FIXC2  |  123702600 |
| RETIRED_INSTRUCTIONS |   PMC0  |  204441600 |
|  CPU_CLOCKS_UNHALTED |   PMC1  |  205803700 |
|    DRAM_CHANNEL_0    |   DFC0  |    2221833 |
|    DRAM_CHANNEL_1    |   DFC1  |    2225089 |
+----------------------+---------+------------+

+-----------------------------+------------+
|            Metric           | HWThread 0 |
+-----------------------------+------------+
|     Runtime (RDTSC) [s]     |     0.0618 |
|     Runtime unhalted [s]    |     0.1037 |
|         Clock [MHz]         |  3340.2547 |
|             CPI             |     1.0067 |
| Memory bandwidth [MBytes/s] |  4602.1027 |
| Memory data volume [GBytes] |     0.2846 |
+-----------------------------+------------+

