INFO: You are running LIKWID in a cpuset with 1 CPUs. Taking given IDs as logical ID in cpuset
--------------------------------------------------------------------------------
CPU name:	AMD EPYC 7702 64-Core Processor                
CPU type:	AMD K17 (Zen2) architecture
CPU clock:	2.00 GHz
--------------------------------------------------------------------------------
4096 4096 511.56 268.44 134.22
--------------------------------------------------------------------------------
Region transpose, Group 1: MEM
+-------------------+-------------+
|    Region Info    | HWThread 22 |
+-------------------+-------------+
| RDTSC Runtime [s] |    0.786817 |
|     call count    |           1 |
+-------------------+-------------+

+----------------------+---------+-------------+
|         Event        | Counter | HWThread 22 |
+----------------------+---------+-------------+
|   ACTUAL_CPU_CLOCK   |  FIXC1  |  2589000000 |
|     MAX_CPU_CLOCK    |  FIXC2  |  1570929000 |
| RETIRED_INSTRUCTIONS |   PMC0  |   140226400 |
|  CPU_CLOCKS_UNHALTED |   PMC1  |  2580197000 |
|    DRAM_CHANNEL_0    |   DFC0  |      328202 |
|    DRAM_CHANNEL_1    |   DFC1  |      335222 |
+----------------------+---------+-------------+

+-----------------------------+-------------+
|            Metric           | HWThread 22 |
+-----------------------------+-------------+
|     Runtime (RDTSC) [s]     |      0.7868 |
|     Runtime unhalted [s]    |      1.2969 |
|         Clock [MHz]         |   3289.9346 |
|             CPI             |     18.4002 |
| Memory bandwidth [MBytes/s] |     53.9631 |
| Memory data volume [GBytes] |      0.0425 |
+-----------------------------+-------------+

