INFO: You are running LIKWID in a cpuset with 1 CPUs. Taking given IDs as logical ID in cpuset
--------------------------------------------------------------------------------
CPU name:	AMD EPYC 7702 64-Core Processor                
CPU type:	AMD K17 (Zen2) architecture
CPU clock:	2.00 GHz
--------------------------------------------------------------------------------
5000 5000 3059.87 400.00 200.00
--------------------------------------------------------------------------------
Region transpose, Group 1: MEM
+-------------------+-------------+
|    Region Info    | HWThread 14 |
+-------------------+-------------+
| RDTSC Runtime [s] |    0.195715 |
|     call count    |           1 |
+-------------------+-------------+

+----------------------+---------+-------------+
|         Event        | Counter | HWThread 14 |
+----------------------+---------+-------------+
|   ACTUAL_CPU_CLOCK   |  FIXC1  |   547233500 |
|     MAX_CPU_CLOCK    |  FIXC2  |   391031100 |
| RETIRED_INSTRUCTIONS |   PMC0  |   150063200 |
|  CPU_CLOCKS_UNHALTED |   PMC1  |   541780400 |
|    DRAM_CHANNEL_0    |   DFC0  |    56514610 |
|    DRAM_CHANNEL_1    |   DFC1  |    56512580 |
+----------------------+---------+-------------+

+-----------------------------+-------------+
|            Metric           | HWThread 14 |
+-----------------------------+-------------+
|     Runtime (RDTSC) [s]     |      0.1957 |
|     Runtime unhalted [s]    |      0.2741 |
|         Clock [MHz]         |   2793.6505 |
|             CPI             |      3.6103 |
| Memory bandwidth [MBytes/s] |  36960.6190 |
| Memory data volume [GBytes] |      7.2337 |
+-----------------------------+-------------+

