INFO: You are running LIKWID in a cpuset with 1 CPUs. Taking given IDs as logical ID in cpuset
--------------------------------------------------------------------------------
CPU name:	AMD EPYC 7702 64-Core Processor                
CPU type:	AMD K17 (Zen2) architecture
CPU clock:	2.00 GHz
--------------------------------------------------------------------------------
--------------------------------------------------------------------------------
Region MYLOOP, Group 1: Custom
+-------------------+-------------+
|    Region Info    | HWThread 41 |
+-------------------+-------------+
| RDTSC Runtime [s] |    0.001253 |
|     call count    |           1 |
+-------------------+-------------+

+---------------------+---------+--------------+
|        Event        | Counter |  HWThread 41 |
+---------------------+---------+--------------+
| Runtime (RDTSC) [s] |   TSC   | 1.253054e-03 |
|  LS_DISPATCH_LOADS  |   PMC0  |      2005888 |
|  LS_DISPATCH_STORES |   PMC1  |      2004859 |
+---------------------+---------+--------------+

