INFO: You are running LIKWID in a cpuset with 1 CPUs. Taking given IDs as logical ID in cpuset
--------------------------------------------------------------------------------
CPU name:	AMD EPYC 7702 64-Core Processor                
CPU type:	AMD K17 (Zen2) architecture
CPU clock:	2.00 GHz
--------------------------------------------------------------------------------
--------------------------------------------------------------------------------
Region SSE, Group 1: Custom
+-------------------+-------------+
|    Region Info    | HWThread 23 |
+-------------------+-------------+
| RDTSC Runtime [s] |    0.005423 |
|     call count    |           1 |
+-------------------+-------------+

+---------------------+---------+--------------+
|        Event        | Counter |  HWThread 23 |
+---------------------+---------+--------------+
| Runtime (RDTSC) [s] |   TSC   | 5.423384e-03 |
|  LS_DISPATCH_LOADS  |   PMC0  |     16565410 |
|  LS_DISPATCH_STORES |   PMC1  |     10038150 |
+---------------------+---------+--------------+

