INFO: You are running LIKWID in a cpuset with 1 CPUs. Taking given IDs as logical ID in cpuset
--------------------------------------------------------------------------------
CPU name:	AMD EPYC 7702 64-Core Processor                
CPU type:	AMD K17 (Zen2) architecture
CPU clock:	2.00 GHz
--------------------------------------------------------------------------------
Using N = 100000
Using N = 100000
Using N = 100000
Using N = 100000
Using N = 100000
First result is -1.2994e+01
Second result is -1.9893e+07
--------------------------------------------------------------------------------
Region computation_one, Group 1: MEM_DP
+-------------------+------------+
|    Region Info    | HWThread 5 |
+-------------------+------------+
| RDTSC Runtime [s] |  19.897160 |
|     call count    |          1 |
+-------------------+------------+

+---------------------------+---------+-------------+
|           Event           | Counter |  HWThread 5 |
+---------------------------+---------+-------------+
|      ACTUAL_CPU_CLOCK     |  FIXC1  | 55338740000 |
|       MAX_CPU_CLOCK       |  FIXC2  | 39719650000 |
|    RETIRED_INSTRUCTIONS   |   PMC0  | 30000560000 |
|    CPU_CLOCKS_UNHALTED    |   PMC1  | 55102250000 |
| RETIRED_SSE_AVX_FLOPS_ALL |   PMC2  |  4999950000 |
|           MERGE           |   PMC3  |           0 |
|       DRAM_CHANNEL_0      |   DFC0  |  1597246000 |
|       DRAM_CHANNEL_1      |   DFC1  |  1596953000 |
+---------------------------+---------+-------------+

+-----------------------------------+------------+
|               Metric              | HWThread 5 |
+-----------------------------------+------------+
|        Runtime (RDTSC) [s]        |    19.8972 |
|        Runtime unhalted [s]       |    27.7217 |
|            Clock [MHz]            |  2781.2107 |
|                CPI                |     1.8367 |
|            DP [MFLOP/s]           |   251.2896 |
|    Memory bandwidth [MBytes/s]    | 10274.2671 |
|    Memory data volume [GBytes]    |   204.4287 |
| Operational intensity [FLOP/Byte] |     0.0245 |
+-----------------------------------+------------+

Region computation_two, Group 1: MEM_DP
+-------------------+------------+
|    Region Info    | HWThread 5 |
+-------------------+------------+
| RDTSC Runtime [s] |   6.152659 |
|     call count    |          1 |
+-------------------+------------+

+---------------------------+---------+-------------+
|           Event           | Counter |  HWThread 5 |
+---------------------------+---------+-------------+
|      ACTUAL_CPU_CLOCK     |  FIXC1  | 16797350000 |
|       MAX_CPU_CLOCK       |  FIXC2  | 12282880000 |
|    RETIRED_INSTRUCTIONS   |   PMC0  | 13333430000 |
|    CPU_CLOCKS_UNHALTED    |   PMC1  | 16710730000 |
| RETIRED_SSE_AVX_FLOPS_ALL |   PMC2  |  3333233000 |
|           MERGE           |   PMC3  |           0 |
|       DRAM_CHANNEL_0      |   DFC0  |   754737400 |
|       DRAM_CHANNEL_1      |   DFC1  |   754570900 |
+---------------------------+---------+-------------+

+-----------------------------------+------------+
|               Metric              | HWThread 5 |
+-----------------------------------+------------+
|        Runtime (RDTSC) [s]        |     6.1527 |
|        Runtime unhalted [s]       |     8.4145 |
|            Clock [MHz]            |  2729.9243 |
|                CPI                |     1.2533 |
|            DP [MFLOP/s]           |   541.7549 |
|    Memory bandwidth [MBytes/s]    | 15699.8350 |
|    Memory data volume [GBytes]    |    96.5957 |
| Operational intensity [FLOP/Byte] |     0.0345 |
+-----------------------------------+------------+

